C:/Users/Mashiro/Documents/Programação Sistemática/Projeto/trunk/Projeto PS/PacoteDeStructs.h:19: warning: missing argument after \class.
C:/Users/Mashiro/Documents/Programação Sistemática/Projeto/trunk/Projeto PS/PacoteDeStructs.h:34: warning: missing argument after \class.
C:/Users/Mashiro/Documents/Programação Sistemática/Projeto/trunk/Projeto PS/PacoteDeStructs.h:50: warning: missing argument after \class.
C:/Users/Mashiro/Documents/Programação Sistemática/Projeto/trunk/Projeto PS/PacoteDeStructs.h:66: warning: missing argument after \class.
C:/Users/Mashiro/Documents/Programação Sistemática/Projeto/trunk/Projeto PS/PacoteDeStructs.h:83: warning: missing argument after \class.
C:/Users/Mashiro/Documents/Programação Sistemática/Projeto/trunk/Projeto PS/PacoteDeStructs.h:98: warning: missing argument after \class.
C:/Users/Mashiro/Documents/Programação Sistemática/Projeto/trunk/Projeto PS/PacoteDeStructs.h:113: warning: missing argument after \class.
C:/Users/Mashiro/Documents/Programação Sistemática/Projeto/trunk/Projeto PS/PacoteDeStructs.h:6: warning: the name `TabelaDeStructs.h' supplied as the second argument in the \file statement is not an input file
C:/Users/Mashiro/Documents/Programação Sistemática/Projeto/trunk/Projeto PS/SLogica.h:27: warning: argument 'TipoDesenvolvedor' of command @param is not found in the argument list of efetuaCadastroDesenvolvedor(TipoDesenvolvedor *)
C:/Users/Mashiro/Documents/Programação Sistemática/Projeto/trunk/Projeto PS/SLogica.h:106: warning: argument 'char' of command @param is not found in the argument list of efetuarAlocarDesenvolvedorDefeito(char *, char *)
C:/Users/Mashiro/Documents/Programação Sistemática/Projeto/trunk/Projeto PS/SLogica.h:106: warning: argument 'char' of command @param is not found in the argument list of efetuarAlocarDesenvolvedorDefeito(char *, char *)
C:/Users/Mashiro/Documents/Programação Sistemática/Projeto/trunk/Projeto PS/SLogica.h:132: warning: argument 'char' of command @param is not found in the argument list of efetuarAlocarLiderProduto(char *, char *)
C:/Users/Mashiro/Documents/Programação Sistemática/Projeto/trunk/Projeto PS/SLogica.h:132: warning: argument 'char' of command @param is not found in the argument list of efetuarAlocarLiderProduto(char *, char *)
C:/Users/Mashiro/Documents/Programação Sistemática/Projeto/trunk/Projeto PS/SLogica.h:36: warning: argument 'TipoDesenvolvedor' of command @param is not found in the argument list of efetuarAlterarCadastro(TipoDesenvolvedor *)
C:/Users/Mashiro/Documents/Programação Sistemática/Projeto/trunk/Projeto PS/SLogica.h:98: warning: argument 'TipoDefeito' of command @param is not found in the argument list of efetuarCadastrarDefeito(TipoDefeito *)
C:/Users/Mashiro/Documents/Programação Sistemática/Projeto/trunk/Projeto PS/SLogica.h:157: warning: argument 'TipoProduto' of command @param is not found in the argument list of efetuarCadastrarProduto(TipoProduto *)
C:/Users/Mashiro/Documents/Programação Sistemática/Projeto/trunk/Projeto PS/SLogica.h:45: warning: argument 'TipoDesenvolvedor' of command @param is not found in the argument list of efetuarCancelarConta(TipoDesenvolvedor *)
C:/Users/Mashiro/Documents/Programação Sistemática/Projeto/trunk/Projeto PS/SLogica.h:123: warning: argument 'TipoDesenvolvedor' of command @param is not found in the argument list of efetuarCancelarContaLiderProjeto(TipoDesenvolvedor *, char *)
C:/Users/Mashiro/Documents/Programação Sistemática/Projeto/trunk/Projeto PS/SLogica.h:123: warning: argument 'char' of command @param is not found in the argument list of efetuarCancelarContaLiderProjeto(TipoDesenvolvedor *, char *)
C:/Users/Mashiro/Documents/Programação Sistemática/Projeto/trunk/Projeto PS/SLogica.h:72: warning: argument 'TipoDefeito' of command @param is not found in the argument list of efetuarPesquisaDefeito(TipoDefeito *)
C:/Users/Mashiro/Documents/Programação Sistemática/Projeto/trunk/Projeto PS/SLogica.h:54: warning: argument 'TipoDesenvolvedor' of command @param is not found in the argument list of efetuarPesquisaDesenvolvedor(TipoDesenvolvedor *)
C:/Users/Mashiro/Documents/Programação Sistemática/Projeto/trunk/Projeto PS/SLogica.h:63: warning: argument 'TipoProduto' of command @param is not found in the argument list of efetuarPesquisaProduto(TipoProduto *)
C:/Users/Mashiro/Documents/Programação Sistemática/Projeto/trunk/Projeto PS/SLogica.h:115: warning: argument 'char' of command @param is not found in the argument list of efetuarRemoverDesenvolvedorDefeito(char *)
C:/Users/Mashiro/Documents/Programação Sistemática/Projeto/trunk/Projeto PS/SLogica.h:141: warning: argument 'char' of command @param is not found in the argument list of efetuarRemoverLiderProduto(char *)
C:/Users/Mashiro/Documents/Programação Sistemática/Projeto/trunk/Projeto PS/SLogica.h:149: warning: argument 'char' of command @param is not found in the argument list of efetuarRemoverProduto(char *)
C:/Users/Mashiro/Documents/Programação Sistemática/Projeto/trunk/Projeto PS/SLogica.h:81: warning: argument 'TipoDefeito' of command @param is not found in the argument list of efetuarVoluntariarDefeito(TipoDefeito *)
C:/Users/Mashiro/Documents/Programação Sistemática/Projeto/trunk/Projeto PS/SLogica.h:89: warning: argument 'char' of command @param is not found in the argument list of efetuarVotarDefeito(char *, int)
C:/Users/Mashiro/Documents/Programação Sistemática/Projeto/trunk/Projeto PS/SLogica.h:89: warning: argument 'int' of command @param is not found in the argument list of efetuarVotarDefeito(char *, int)
C:/Users/Mashiro/Documents/Programação Sistemática/Projeto/trunk/Projeto PS/SLogica.c:8: warning: argument 'e' of command @param is not found in the argument list of verificaLogin(TipoDesenvolvedor *usuario)
C:/Users/Mashiro/Documents/Programação Sistemática/Projeto/trunk/Projeto PS/SLogica.c:8: warning: argument 'mail' of command @param is not found in the argument list of verificaLogin(TipoDesenvolvedor *usuario)
C:/Users/Mashiro/Documents/Programação Sistemática/Projeto/trunk/Projeto PS/SLogica.c:8: warning: argument 'senha' of command @param is not found in the argument list of verificaLogin(TipoDesenvolvedor *usuario)
C:/Users/Mashiro/Documents/Programação Sistemática/Projeto/trunk/Projeto PS/SLogica.c:8: warning: The following parameters of verificaLogin(TipoDesenvolvedor *usuario) are not documented:
  parameter 'usuario'
C:/Users/Mashiro/Documents/Programação Sistemática/Projeto/trunk/Projeto PS/SPDefeito.h:40: warning: The following parameters of deletarDefeito(FILE *arquivo, TipoDefeito *defeito, long int posicao) are not documented:
  parameter 'posicao'
C:/Users/Mashiro/Documents/Programação Sistemática/Projeto/trunk/Projeto PS/SPDefeito.h:50: warning: argument 'chave' of command @param is not found in the argument list of existeDefeito(FILE *arquivo, char *codigo, long int *posicao)
C:/Users/Mashiro/Documents/Programação Sistemática/Projeto/trunk/Projeto PS/SPDefeito.h:50: warning: The following parameters of existeDefeito(FILE *arquivo, char *codigo, long int *posicao) are not documented:
  parameter 'codigo'
C:/Users/Mashiro/Documents/Programação Sistemática/Projeto/trunk/Projeto PS/SPProduto.h:62: warning: argument 'estrutura' of command @param is not found in the argument list of editarProduto(FILE *arquivo, TipoProduto *produto, long int posicao)
C:/Users/Mashiro/Documents/Programação Sistemática/Projeto/trunk/Projeto PS/SPProduto.h:62: warning: The following parameters of editarProduto(FILE *arquivo, TipoProduto *produto, long int posicao) are not documented:
  parameter 'produto'
C:/Users/Mashiro/Documents/Programação Sistemática/Projeto/trunk/Projeto PS/SPProduto.h:50: warning: argument 'endereco' of command @param is not found in the argument list of existeProduto(FILE *arquivo, char *codigo, long int *posicao)
C:/Users/Mashiro/Documents/Programação Sistemática/Projeto/trunk/Projeto PS/SPProduto.h:50: warning: The following parameters of existeProduto(FILE *arquivo, char *codigo, long int *posicao) are not documented:
  parameter 'posicao'
C:/Users/Mashiro/Documents/Programação Sistemática/Projeto/trunk/Projeto PS/UInterface.h:383: warning: argument 'void' of command @param is not found in the argument list of alocarDesenvolvedorDefeito(void)
C:/Users/Mashiro/Documents/Programação Sistemática/Projeto/trunk/Projeto PS/UInterface.h:81: warning: argument 'desenvolvedor' of command @param is not found in the argument list of cadastraDesenvolvedor(TipoDesenvolvedor *)
C:/Users/Mashiro/Documents/Programação Sistemática/Projeto/trunk/Projeto PS/UInterface.h:35: warning: argument 'void' of command @param is not found in the argument list of limpaTela(void)
C:/Users/Mashiro/Documents/Programação Sistemática/Projeto/trunk/Projeto PS/UInterface.h:27: warning: argument 'void' of command @param is not found in the argument list of printCabecalho(void)
C:/Users/Mashiro/Documents/Programação Sistemática/Projeto/trunk/Projeto PS/UInterface.h:375: warning: argument 'void' of command @param is not found in the argument list of printTelaAlocarDesenvolvedorDefeito(void)
C:/Users/Mashiro/Documents/Programação Sistemática/Projeto/trunk/Projeto PS/UInterface.h:453: warning: argument 'void' of command @param is not found in the argument list of printTelaAlocarLiderProduto(void)
C:/Users/Mashiro/Documents/Programação Sistemática/Projeto/trunk/Projeto PS/UInterface.h:147: warning: argument 'void' of command @param is not found in the argument list of printTelaAlterarCadastroNome(void)
C:/Users/Mashiro/Documents/Programação Sistemática/Projeto/trunk/Projeto PS/UInterface.h:340: warning: argument 'void' of command @param is not found in the argument list of printTelaCadastrarDefeito(void)
C:/Users/Mashiro/Documents/Programação Sistemática/Projeto/trunk/Projeto PS/UInterface.h:324: warning: argument 'void' of command @param is not found in the argument list of printTelaCadastrarDefeitoCodigo(void)
C:/Users/Mashiro/Documents/Programação Sistemática/Projeto/trunk/Projeto PS/UInterface.h:332: warning: argument 'void' of command @param is not found in the argument list of printTelaCadastrarDefeitoDataAbertura(void)
C:/Users/Mashiro/Documents/Programação Sistemática/Projeto/trunk/Projeto PS/UInterface.h:316: warning: argument 'void' of command @param is not found in the argument list of printTelaCadastrarDefeitoDescricao(void)
C:/Users/Mashiro/Documents/Programação Sistemática/Projeto/trunk/Projeto PS/UInterface.h:535: warning: argument 'void' of command @param is not found in the argument list of printTelaCadastrarProduto(void)
C:/Users/Mashiro/Documents/Programação Sistemática/Projeto/trunk/Projeto PS/UInterface.h:543: warning: argument 'void' of command @param is not found in the argument list of printTelaCadastrarProdutoNome(void)
C:/Users/Mashiro/Documents/Programação Sistemática/Projeto/trunk/Projeto PS/UInterface.h:551: warning: argument 'void' of command @param is not found in the argument list of printTelaCadastrarProdutoVersao(void)
C:/Users/Mashiro/Documents/Programação Sistemática/Projeto/trunk/Projeto PS/UInterface.h:67: warning: argument 'void' of command @param is not found in the argument list of printTelaCadastroDesenvolvedorEmail(void)
C:/Users/Mashiro/Documents/Programação Sistemática/Projeto/trunk/Projeto PS/UInterface.h:51: warning: argument 'void' of command @param is not found in the argument list of printTelaCadastroDesenvolvedorNome(void)
C:/Users/Mashiro/Documents/Programação Sistemática/Projeto/trunk/Projeto PS/UInterface.h:59: warning: argument 'void' of command @param is not found in the argument list of printTelaCadastroDesenvolvedorSenha(void)
C:/Users/Mashiro/Documents/Programação Sistemática/Projeto/trunk/Projeto PS/UInterface.h:171: warning: argument 'void' of command @param is not found in the argument list of printTelaCancelarConta(void)
C:/Users/Mashiro/Documents/Programação Sistemática/Projeto/trunk/Projeto PS/UInterface.h:43: warning: argument 'void' of command @param is not found in the argument list of printTelaInicial(void)
C:/Users/Mashiro/Documents/Programação Sistemática/Projeto/trunk/Projeto PS/UInterface.h:131: warning: argument 'nome' of command @param is not found in the argument list of printtelaInicialDesenvolvedorComum(char *)
C:/Users/Mashiro/Documents/Programação Sistemática/Projeto/trunk/Projeto PS/UInterface.h:364: warning: argument 'nome' of command @param is not found in the argument list of printTelaInicialDesenvolvedorLiderProduto(char *)
C:/Users/Mashiro/Documents/Programação Sistemática/Projeto/trunk/Projeto PS/UInterface.h:428: warning: argument 'nome' of command @param is not found in the argument list of printTelaInicialDesenvolvedorLiderProjeto(char *)
C:/Users/Mashiro/Documents/Programação Sistemática/Projeto/trunk/Projeto PS/UInterface.h:103: warning: argument 'void' of command @param is not found in the argument list of printTelaLogin(void)
C:/Users/Mashiro/Documents/Programação Sistemática/Projeto/trunk/Projeto PS/UInterface.h:235: warning: argument 'void' of command @param is not found in the argument list of printTelaPesquisarDefeito(void)
C:/Users/Mashiro/Documents/Programação Sistemática/Projeto/trunk/Projeto PS/UInterface.h:195: warning: argument 'void' of command @param is not found in the argument list of printTelaPesquisarDesenvolvedor(void)
C:/Users/Mashiro/Documents/Programação Sistemática/Projeto/trunk/Projeto PS/UInterface.h:211: warning: argument 'void' of command @param is not found in the argument list of printTelaPesquisarProduto(void)
C:/Users/Mashiro/Documents/Programação Sistemática/Projeto/trunk/Projeto PS/UInterface.h:401: warning: argument 'void' of command @param is not found in the argument list of printTelaRemoverDesenvolvedorDefeito(void)
C:/Users/Mashiro/Documents/Programação Sistemática/Projeto/trunk/Projeto PS/UInterface.h:479: warning: argument 'void' of command @param is not found in the argument list of printTelaRemoverLiderProduto(void)
C:/Users/Mashiro/Documents/Programação Sistemática/Projeto/trunk/Projeto PS/UInterface.h:495: warning: argument 'void' of command @param is not found in the argument list of printTelaRemoverProduto(void)
C:/Users/Mashiro/Documents/Programação Sistemática/Projeto/trunk/Projeto PS/UInterface.h:259: warning: argument 'void' of command @param is not found in the argument list of printTelaVoluntariarDefeito(void)
C:/Users/Mashiro/Documents/Programação Sistemática/Projeto/trunk/Projeto PS/UInterface.h:291: warning: argument 'void' of command @param is not found in the argument list of printTelaVotarDefeito(void)
C:/Users/Mashiro/Documents/Programação Sistemática/Projeto/trunk/Projeto PS/UInterface.h:283: warning: argument 'void' of command @param is not found in the argument list of printTelaVotarDefeitoVoto(void)
C:/Users/Mashiro/Documents/Programação Sistemática/Projeto/trunk/Projeto PS/UInterface.h:391: warning: argument 'codigo' of command @param is not found in the argument list of realizaAlocarDesenvolvedorDefeito(char *, char *)
C:/Users/Mashiro/Documents/Programação Sistemática/Projeto/trunk/Projeto PS/UInterface.h:391: warning: argument 'email' of command @param is not found in the argument list of realizaAlocarDesenvolvedorDefeito(char *, char *)
C:/Users/Mashiro/Documents/Programação Sistemática/Projeto/trunk/Projeto PS/UInterface.h:461: warning: argument 'codigo' of command @param is not found in the argument list of realizaAlocarLiderProduto(char *, char *)
C:/Users/Mashiro/Documents/Programação Sistemática/Projeto/trunk/Projeto PS/UInterface.h:461: warning: argument 'email' of command @param is not found in the argument list of realizaAlocarLiderProduto(char *, char *)
C:/Users/Mashiro/Documents/Programação Sistemática/Projeto/trunk/Projeto PS/UInterface.h:155: warning: argument 'usuario' of command @param is not found in the argument list of realizaAlteracaoCadastro(TipoDesenvolvedor *)
C:/Users/Mashiro/Documents/Programação Sistemática/Projeto/trunk/Projeto PS/UInterface.h:348: warning: argument 'defeito' of command @param is not found in the argument list of realizaCadastrarDefeito(TipoDefeito *)
C:/Users/Mashiro/Documents/Programação Sistemática/Projeto/trunk/Projeto PS/UInterface.h:527: warning: argument 'produto' of command @param is not found in the argument list of realizaCadastrarProduto(TipoProduto *)
C:/Users/Mashiro/Documents/Programação Sistemática/Projeto/trunk/Projeto PS/UInterface.h:95: warning: argument 'usuario' of command @param is not found in the argument list of realizaLogin(TipoDesenvolvedor *)
C:/Users/Mashiro/Documents/Programação Sistemática/Projeto/trunk/Projeto PS/UInterface.h:251: warning: argument 'defeito' of command @param is not found in the argument list of realizaPesquisaDefeito(TipoDefeito *)
C:/Users/Mashiro/Documents/Programação Sistemática/Projeto/trunk/Projeto PS/UInterface.h:203: warning: argument 'desenvolvedor' of command @param is not found in the argument list of realizaPesquisaDesenvolvedor(TipoDesenvolvedor *)
C:/Users/Mashiro/Documents/Programação Sistemática/Projeto/trunk/Projeto PS/UInterface.h:227: warning: argument 'produto' of command @param is not found in the argument list of realizaPesquisaProduto(TipoProduto *)
C:/Users/Mashiro/Documents/Programação Sistemática/Projeto/trunk/Projeto PS/UInterface.h:179: warning: argument 'usuario' of command @param is not found in the argument list of realizarCancelarConta(TipoDesenvolvedor *)
C:/Users/Mashiro/Documents/Programação Sistemática/Projeto/trunk/Projeto PS/UInterface.h:437: warning: argument 'usuario' of command @param is not found in the argument list of realizarCancelarContaLiderProjeto(TipoDesenvolvedor *)
C:/Users/Mashiro/Documents/Programação Sistemática/Projeto/trunk/Projeto PS/UInterface.h:417: warning: argument 'codigo' of command @param is not found in the argument list of realizaRemoverDesenvolvedorDefeito(char *)
C:/Users/Mashiro/Documents/Programação Sistemática/Projeto/trunk/Projeto PS/UInterface.h:487: warning: argument 'codigo' of command @param is not found in the argument list of realizaRemoverLiderProduto(char *)
C:/Users/Mashiro/Documents/Programação Sistemática/Projeto/trunk/Projeto PS/UInterface.h:511: warning: argument 'codigo' of command @param is not found in the argument list of realizaRemoverProduto(char *)
C:/Users/Mashiro/Documents/Programação Sistemática/Projeto/trunk/Projeto PS/UInterface.h:275: warning: argument 'defeito' of command @param is not found in the argument list of realizaVoluntariarDefeito(TipoDefeito *)
C:/Users/Mashiro/Documents/Programação Sistemática/Projeto/trunk/Projeto PS/UInterface.h:307: warning: argument 'codigo' of command @param is not found in the argument list of realizaVotarDefeito(char *, int)
C:/Users/Mashiro/Documents/Programação Sistemática/Projeto/trunk/Projeto PS/UInterface.h:307: warning: argument 'voto' of command @param is not found in the argument list of realizaVotarDefeito(char *, int)
C:/Users/Mashiro/Documents/Programação Sistemática/Projeto/trunk/Projeto PS/UInterface.h:409: warning: argument 'void' of command @param is not found in the argument list of removerDesenvolvedorDefeito(void)
C:/Users/Mashiro/Documents/Programação Sistemática/Projeto/trunk/Projeto PS/UInterface.h:19: warning: argument 'void' of command @param is not found in the argument list of start(void)
C:/Users/Mashiro/Documents/Programação Sistemática/Projeto/trunk/Projeto PS/UInterface.h:445: warning: argument 'void' of command @param is not found in the argument list of telaAlocarLiderProduto(void)
C:/Users/Mashiro/Documents/Programação Sistemática/Projeto/trunk/Projeto PS/UInterface.h:139: warning: argument 'usuario' of command @param is not found in the argument list of telaAlterarConta(TipoDesenvolvedor *)
C:/Users/Mashiro/Documents/Programação Sistemática/Projeto/trunk/Projeto PS/UInterface.h:356: warning: argument 'void' of command @param is not found in the argument list of telaCadastrarDefeito(void)
C:/Users/Mashiro/Documents/Programação Sistemática/Projeto/trunk/Projeto PS/UInterface.h:519: warning: argument 'void' of command @param is not found in the argument list of telaCadastrarProduto(void)
C:/Users/Mashiro/Documents/Programação Sistemática/Projeto/trunk/Projeto PS/UInterface.h:163: warning: argument 'usuario' of command @param is not found in the argument list of telaCancelarConta(TipoDesenvolvedor *)
C:/Users/Mashiro/Documents/Programação Sistemática/Projeto/trunk/Projeto PS/UInterface.h:115: warning: argument 'usuario' of command @param is not found in the argument list of telaInicialDesenvolvedorLiderProduto(TipoDesenvolvedor *)
C:/Users/Mashiro/Documents/Programação Sistemática/Projeto/trunk/Projeto PS/UInterface.h:123: warning: argument 'usuario' of command @param is not found in the argument list of telaInicialDesenvolvedorLiderProjeto(TipoDesenvolvedor *)
C:/Users/Mashiro/Documents/Programação Sistemática/Projeto/trunk/Projeto PS/UInterface.h:243: warning: argument 'void' of command @param is not found in the argument list of telaPesquisarDefeito(void)
C:/Users/Mashiro/Documents/Programação Sistemática/Projeto/trunk/Projeto PS/UInterface.h:187: warning: argument 'void' of command @param is not found in the argument list of telaPesquisarDesenvolvedor(void)
C:/Users/Mashiro/Documents/Programação Sistemática/Projeto/trunk/Projeto PS/UInterface.h:219: warning: argument 'void' of command @param is not found in the argument list of telaPesquisarProduto(void)
C:/Users/Mashiro/Documents/Programação Sistemática/Projeto/trunk/Projeto PS/UInterface.h:471: warning: argument 'void' of command @param is not found in the argument list of telaRemoverLiderProduto(void)
C:/Users/Mashiro/Documents/Programação Sistemática/Projeto/trunk/Projeto PS/UInterface.h:503: warning: argument 'void' of command @param is not found in the argument list of telaRemoverProduto(void)
C:/Users/Mashiro/Documents/Programação Sistemática/Projeto/trunk/Projeto PS/UInterface.h:267: warning: argument 'void' of command @param is not found in the argument list of telaVoluntariarDefeito(void)
C:/Users/Mashiro/Documents/Programação Sistemática/Projeto/trunk/Projeto PS/UInterface.h:299: warning: argument 'void' of command @param is not found in the argument list of telaVotarDefeito(void)
C:/Users/Mashiro/Documents/Programação Sistemática/Projeto/trunk/Projeto PS/ValidacaoEntrada.h:32: warning: argument 'codigo' of command @param is not found in the argument list of validaCodigo(char *)
C:/Users/Mashiro/Documents/Programação Sistemática/Projeto/trunk/Projeto PS/ValidacaoEntrada.h:48: warning: argument 'data' of command @param is not found in the argument list of validaData(TipoData)
C:/Users/Mashiro/Documents/Programação Sistemática/Projeto/trunk/Projeto PS/ValidacaoEntrada.h:40: warning: argument 'descricao' of command @param is not found in the argument list of validaDescricao(char *)
C:/Users/Mashiro/Documents/Programação Sistemática/Projeto/trunk/Projeto PS/ValidacaoEntrada.h:64: warning: argument 'email' of command @param is not found in the argument list of validaEmail(char *)
C:/Users/Mashiro/Documents/Programação Sistemática/Projeto/trunk/Projeto PS/ValidacaoEntrada.h:16: warning: argument 'nome' of command @param is not found in the argument list of validaNome(char *)
C:/Users/Mashiro/Documents/Programação Sistemática/Projeto/trunk/Projeto PS/ValidacaoEntrada.h:24: warning: argument 'senha' of command @param is not found in the argument list of validaSenha(char *)
C:/Users/Mashiro/Documents/Programação Sistemática/Projeto/trunk/Projeto PS/ValidacaoEntrada.h:72: warning: argument 'versao' of command @param is not found in the argument list of validaVersao(char *)
C:/Users/Mashiro/Documents/Programação Sistemática/Projeto/trunk/Projeto PS/ValidacaoEntrada.h:56: warning: argument 'voto' of command @param is not found in the argument list of validaVoto(int)
